#
# There is insufficient memory for the Java Runtime Environment to continue.
# Native memory allocation (malloc) failed to allocate 1048576 bytes for AllocateHeap
# Possible reasons:
#   The system is out of physical RAM or swap space
#   The process is running with CompressedOops enabled, and the Java Heap may be blocking the growth of the native heap
# Possible solutions:
#   Reduce memory load on the system
#   Increase physical memory or swap space
#   Check if swap backing store is full
#   Decrease Java heap size (-Xmx/-Xms)
#   Decrease number of Java threads
#   Decrease Java thread stack sizes (-Xss)
#   Set larger code cache with -XX:ReservedCodeCacheSize=
#   JVM is running with Zero Based Compressed Oops mode in which the Java heap is
#     placed in the first 32GB address space. The Java Heap base address is the
#     maximum limit for the native heap growth. Please use -XX:HeapBaseMinAddress
#     to set the Java Heap base and to place the Java Heap above 32GB virtual address.
# This output file may be truncated or incomplete.
#
#  Out of Memory Error (memory/allocation.inline.hpp:61), pid=6508, tid=0x0000000000001184
#
# JRE version:  (8.0_202-b08) (build )
# Java VM: Java HotSpot(TM) 64-Bit Server VM (25.202-b08 mixed mode windows-amd64 compressed oops)
# Failed to write core dump. Minidumps are not enabled by default on client versions of Windows
#

---------------  T H R E A D  ---------------

Current thread (0x0000000001a2e000):  JavaThread "Unknown thread" [_thread_in_vm, id=4484, stack(0x0000000003220000,0x0000000003320000)]

Stack: [0x0000000003220000,0x0000000003320000]
[error occurred during error reporting (printing stack bounds), id 0xc0000005]

Native frames: (J=compiled Java code, j=interpreted, Vv=VM code, C=native code)


---------------  P R O C E S S  ---------------

Java Threads: ( => current thread )

Other Threads:

=>0x0000000001a2e000 (exited) JavaThread "Unknown thread" [_thread_in_vm, id=4484, stack(0x0000000003220000,0x0000000003320000)]

VM state:not at safepoint (normal execution)

VM Mutex/Monitor currently owned by a thread: None

heap address: 0x00000006c3c00000, size: 4036 MB, Compressed Oops mode: Zero based, Oop shift amount: 3
Narrow klass base: 0x0000000000000000, Narrow klass shift: 3
Compressed class space size: 1073741824 Address: 0x00000007c0000000

Heap:
 PSYoungGen      total 75776K, used 1300K [0x000000076bf00000, 0x0000000771380000, 0x00000007c0000000)
  eden space 65024K, 2% used [0x000000076bf00000,0x000000076c0451f8,0x000000076fe80000)
  from space 10752K, 0% used [0x0000000770900000,0x0000000770900000,0x0000000771380000)
  to   space 10752K, 0% used [0x000000076fe80000,0x000000076fe80000,0x0000000770900000)
 ParOldGen       total 173568K, used 0K [0x00000006c3c00000, 0x00000006ce580000, 0x000000076bf00000)
  object space 173568K, 0% used [0x00000006c3c00000,0x00000006c3c00000,0x00000006ce580000)
 Metaspace       used 775K, capacity 4480K, committed 4480K, reserved 1056768K
  class space    used 76K, capacity 384K, committed 384K, reserved 1048576K

Card table byte_map: [0x00000000127e0000,0x0000000012fd0000] byte_map_base: 0x000000000f1c2000

Marking Bits: (ParMarkBitMap*) 0x0000000064cd5ce0
 Begin Bits: [0x0000000013d20000, 0x0000000017c30000)
 End Bits:   [0x0000000017c30000, 0x000000001bb40000)

Polling page: 0x00000000019d0000

CodeCache: size=245760Kb used=328Kb max_used=328Kb free=245431Kb
 bounds [0x0000000003420000, 0x0000000003690000, 0x0000000012420000]
 total_blobs=58 nmethods=0 adapters=38
 compilation: enabled

Compilation events (0 events):
No events

GC Heap History (0 events):
No events

Deoptimization events (0 events):
No events

Classes redefined (0 events):
No events

Internal exceptions (0 events):
No events

Events (10 events):
Event: 0.015 loading class java/lang/Short
Event: 0.015 loading class java/lang/Short done
Event: 0.015 loading class java/lang/Integer
Event: 0.015 loading class java/lang/Integer done
Event: 0.015 loading class java/lang/Long
Event: 0.015 loading class java/lang/Long done
Event: 0.016 loading class java/lang/NullPointerException
Event: 0.016 loading class java/lang/NullPointerException done
Event: 0.016 loading class java/lang/ArithmeticException
Event: 0.016 loading class java/lang/ArithmeticException done


Dynamic libraries:
0x00007ff720b80000 - 0x00007ff720bb7000 	C:\Program Files\Java\jdk1.8.0_202\bin\java.exe
0x00007fffad960000 - 0x00007fffadb69000 	C:\WINDOWS\SYSTEM32\ntdll.dll
0x00007fffacad0000 - 0x00007fffacb8e000 	C:\WINDOWS\System32\KERNEL32.DLL
0x00007fffab3a0000 - 0x00007fffab71b000 	C:\WINDOWS\System32\KERNELBASE.dll
0x00007fffad3f0000 - 0x00007fffad49e000 	C:\WINDOWS\System32\ADVAPI32.dll
0x00007fffac710000 - 0x00007fffac7b3000 	C:\WINDOWS\System32\msvcrt.dll
0x00007fffad6d0000 - 0x00007fffad76e000 	C:\WINDOWS\System32\sechost.dll
0x00007fffac5b0000 - 0x00007fffac6d0000 	C:\WINDOWS\System32\RPCRT4.dll
0x00007fffad770000 - 0x00007fffad91d000 	C:\WINDOWS\System32\USER32.dll
0x00007fffab260000 - 0x00007fffab286000 	C:\WINDOWS\System32\win32u.dll
0x00007fffac6d0000 - 0x00007fffac6f9000 	C:\WINDOWS\System32\GDI32.dll
0x00007fffab140000 - 0x00007fffab258000 	C:\WINDOWS\System32\gdi32full.dll
0x00007fffab290000 - 0x00007fffab32d000 	C:\WINDOWS\System32\msvcp_win.dll
0x00007fffaafa0000 - 0x00007fffab0b1000 	C:\WINDOWS\System32\ucrtbase.dll
0x00007fff9fd30000 - 0x00007fff9ffd5000 	C:\WINDOWS\WinSxS\amd64_microsoft.windows.common-controls_6595b64144ccf1df_6.0.22000.120_none_9d947278b86cc467\COMCTL32.dll
0x00007fffac7e0000 - 0x00007fffac812000 	C:\WINDOWS\System32\IMM32.DLL
0x0000000065470000 - 0x0000000065542000 	C:\Program Files\Java\jdk1.8.0_202\jre\bin\msvcr100.dll
0x00000000644b0000 - 0x0000000064d55000 	C:\Program Files\Java\jdk1.8.0_202\jre\bin\server\jvm.dll
0x00007fffad3e0000 - 0x00007fffad3e8000 	C:\WINDOWS\System32\PSAPI.DLL
0x00007fffa2590000 - 0x00007fffa2599000 	C:\WINDOWS\SYSTEM32\WSOCK32.dll
0x00007fffa2ac0000 - 0x00007fffa2af3000 	C:\WINDOWS\SYSTEM32\WINMM.dll
0x00007fffa1a70000 - 0x00007fffa1a7a000 	C:\WINDOWS\SYSTEM32\VERSION.dll
0x00007fffaca60000 - 0x00007fffacacf000 	C:\WINDOWS\System32\WS2_32.dll
0x00007fffa24b0000 - 0x00007fffa24bf000 	C:\Program Files\Java\jdk1.8.0_202\jre\bin\verify.dll
0x00007fff8e8b0000 - 0x00007fff8e8d9000 	C:\Program Files\Java\jdk1.8.0_202\jre\bin\java.dll
0x00007fff97270000 - 0x00007fff97286000 	C:\Program Files\Java\jdk1.8.0_202\jre\bin\zip.dll

VM Arguments:
jvm_args: -Dfile.encoding=UTF-8 
java_command: eventili.Eventili
java_class_path (initial): C:\Program Files\NetBeans 8.0.2\ide\modules\ext\mysql-connector-java-5.1.23-bin.jar;C:\Users\HP\Documents\NetBeansProjects\Eventili\build\classes
Launcher Type: SUN_STANDARD

Environment Variables:
PATH=D:\oracle\app\oracle\product\10.2.0\server\bin;C:\Program Files (x86)\VMware\VMware Workstation\bin\;C:\Program Files\Eclipse Foundation\jdk-8.0.302.8-hotspot\bin;C:\Program Files (x86)\Common Files\Oracle\Java\javapath;C:\windows\system32;C:\windows;C:\windows\System32\Wbem;C:\windows\System32\WindowsPowerShell\v1.0\;C:\windows\System32\OpenSSH\;C:\Program Files (x86)\NVIDIA Corporation\PhysX\Common;C:\Users\HP\AppData\Local\Programs\Python\Python39-32\Scripts\;C:\Users\HP\AppData\Local\Programs\Python\Python39-32\;C:\Program Files\dotnet\;C:\Program Files\Git\cmd;C:\Program Files\nodejs\;C:\WINDOWS\system32;C:\WINDOWS;C:\WINDOWS\System32\Wbem;C:\WINDOWS\System32\WindowsPowerShell\v1.0\;C:\WINDOWS\System32\OpenSSH\;C:\Program Files\NVIDIA Corporation\NVIDIA NvDLISR;C:\Users\HP\scoop\shims;C:\Users\HP\AppData\Local\Programs\Python\Python39\Scripts\;C:\Users\HP\AppData\Local\Programs\Python\Python39\;C:\Users\HP\AppData\Local\Microsoft\WindowsApps;C:\Users\HP\AppData\Local\Programs\Microsoft VS Code\bin;C:\Program Files\MongoDB\Server\5.0\bin;C:\Program Files\JetBrains\PyCharm 2021.1\bin;;C:\Users\HP\.dotnet\tools;D:\autre\flutter\bin;C:\Users\HP\AppData\Roaming\npm;C:\Program Files\Java\jdk1.8.0_202\bin;C:\Program Files\heroku\bin;C:\Program Files\MongoDB\Tools\100\bin;C:\Program Files\Java\jdk1.8.0_202\bin;C:\xamp2\php;C:\Users\HP\AppData\Local\ComposerSetup\bin;C:\Users\HP\AppData\Roaming\Composer\vendor\bin
USERNAME=HP
OS=Windows_NT
PROCESSOR_IDENTIFIER=Intel64 Family 6 Model 140 Stepping 1, GenuineIntel



---------------  S Y S T E M  ---------------

OS: Windows 10.0 , 64 bit Build 22000 (10.0.22000.1335)

CPU:total 8 (initial active 8) (4 cores per cpu, 2 threads per core) family 6 model 140 stepping 1, cmov, cx8, fxsr, mmx, sse, sse2, sse3, ssse3, sse4.1, sse4.2, popcnt, avx, avx2, aes, clmul, erms, 3dnowpref, lzcnt, ht, tsc, tscinvbit, bmi1, bmi2, adx

Memory: 4k page, physical 16527992k(4148888k free), swap 24302180k(5924k free)

vm_info: Java HotSpot(TM) 64-Bit Server VM (25.202-b08) for windows-amd64 JRE (1.8.0_202-b08), built on Dec 15 2018 19:54:30 by "java_re" with MS VC++ 10.0 (VS2010)

time: Sun Feb 12 15:18:45 2023
timezone: Afr. centrale Ouest
elapsed time: 0 seconds (0d 0h 0m 0s)

